Determining if the pthread_create exist failed with the following output:
Change Dir: /afs/kth.se/home/w/a/wagne/catkin_ws/build/CMakeFiles/CMakeTmp

Run Build Command:"/usr/bin/make" "cmTC_ee4a9/fast"
/usr/bin/make -f CMakeFiles/cmTC_ee4a9.dir/build.make CMakeFiles/cmTC_ee4a9.dir/build
make[1]: Entering directory '/afs/kth.se/home/w/a/wagne/catkin_ws/build/CMakeFiles/CMakeTmp'
Building C object CMakeFiles/cmTC_ee4a9.dir/CheckSymbolExists.c.o
/usr/bin/cc    -o CMakeFiles/cmTC_ee4a9.dir/CheckSymbolExists.c.o   -c /afs/kth.se/home/w/a/wagne/catkin_ws/build/CMakeFiles/CMakeTmp/CheckSymbolExists.c
Linking C executable cmTC_ee4a9
/usr/bin/cmake -E cmake_link_script CMakeFiles/cmTC_ee4a9.dir/link.txt --verbose=1
/usr/bin/cc      -rdynamic CMakeFiles/cmTC_ee4a9.dir/CheckSymbolExists.c.o  -o cmTC_ee4a9 
CMakeFiles/cmTC_ee4a9.dir/CheckSymbolExists.c.o: In function `main':
CheckSymbolExists.c:(.text+0x1b): undefined reference to `pthread_create'
collect2: error: ld returned 1 exit status
CMakeFiles/cmTC_ee4a9.dir/build.make:97: recipe for target 'cmTC_ee4a9' failed
make[1]: *** [cmTC_ee4a9] Error 1
make[1]: Leaving directory '/afs/kth.se/home/w/a/wagne/catkin_ws/build/CMakeFiles/CMakeTmp'
Makefile:126: recipe for target 'cmTC_ee4a9/fast' failed
make: *** [cmTC_ee4a9/fast] Error 2

File /afs/kth.se/home/w/a/wagne/catkin_ws/build/CMakeFiles/CMakeTmp/CheckSymbolExists.c:
/* */
#include <pthread.h>

int main(int argc, char** argv)
{
  (void)argv;
#ifndef pthread_create
  return ((int*)(&pthread_create))[argc];
#else
  (void)argc;
  return 0;
#endif
}

Determining if the function pthread_create exists in the pthreads failed with the following output:
Change Dir: /afs/kth.se/home/w/a/wagne/catkin_ws/build/CMakeFiles/CMakeTmp

Run Build Command:"/usr/bin/make" "cmTC_512db/fast"
/usr/bin/make -f CMakeFiles/cmTC_512db.dir/build.make CMakeFiles/cmTC_512db.dir/build
make[1]: Entering directory '/afs/kth.se/home/w/a/wagne/catkin_ws/build/CMakeFiles/CMakeTmp'
Building C object CMakeFiles/cmTC_512db.dir/CheckFunctionExists.c.o
/usr/bin/cc   -DCHECK_FUNCTION_EXISTS=pthread_create   -o CMakeFiles/cmTC_512db.dir/CheckFunctionExists.c.o   -c /usr/share/cmake-3.10/Modules/CheckFunctionExists.c
Linking C executable cmTC_512db
/usr/bin/cmake -E cmake_link_script CMakeFiles/cmTC_512db.dir/link.txt --verbose=1
/usr/bin/cc  -DCHECK_FUNCTION_EXISTS=pthread_create    -rdynamic CMakeFiles/cmTC_512db.dir/CheckFunctionExists.c.o  -o cmTC_512db -lpthreads 
/usr/bin/ld: cannot find -lpthreads
collect2: error: ld returned 1 exit status
CMakeFiles/cmTC_512db.dir/build.make:97: recipe for target 'cmTC_512db' failed
make[1]: *** [cmTC_512db] Error 1
make[1]: Leaving directory '/afs/kth.se/home/w/a/wagne/catkin_ws/build/CMakeFiles/CMakeTmp'
Makefile:126: recipe for target 'cmTC_512db/fast' failed
make: *** [cmTC_512db/fast] Error 2


